#
# There is insufficient memory for the Java Runtime Environment to continue.
# Native memory allocation (mmap) failed to map 2064384 bytes for G1 virtual space
# Possible reasons:
#   The system is out of physical RAM or swap space
#   The process is running with CompressedOops enabled, and the Java Heap may be blocking the growth of the native heap
# Possible solutions:
#   Reduce memory load on the system
#   Increase physical memory or swap space
#   Check if swap backing store is full
#   Decrease Java heap size (-Xmx/-Xms)
#   Decrease number of Java threads
#   Decrease Java thread stack sizes (-Xss)
#   Set larger code cache with -XX:ReservedCodeCacheSize=
#   JVM is running with Unscaled Compressed Oops mode in which the Java heap is
#     placed in the first 4GB address space. The Java Heap base address is the
#     maximum limit for the native heap growth. Please use -XX:HeapBaseMinAddress
#     to set the Java Heap base and to place the Java Heap above 4GB virtual address.
# This output file may be truncated or incomplete.
#
#  Out of Memory Error (os_windows.cpp:3527), pid=74680, tid=70896
#
# JRE version:  (19.0.1+10) (build )
# Java VM: Java HotSpot(TM) 64-Bit Server VM (19.0.1+10-21, mixed mode, emulated-client, sharing, tiered, compressed oops, compressed class ptrs, g1 gc, windows-amd64)
# No core dump will be written. Minidumps are not enabled by default on client versions of Windows
#

---------------  S U M M A R Y ------------

Command Line: -XX:TieredStopAtLevel=1 -Dspring.output.ansi.enabled=always -Dcom.sun.management.jmxremote -Dspring.jmx.enabled=true -Dspring.liveBeansView.mbeanDomain -Dspring.application.admin.enabled=true -Dmanagement.endpoints.jmx.exposure.include=* -javaagent:C:\Users\olenk\IDEA\IntelliJ IDEA 2023.1\lib\idea_rt.jar=60985:C:\Users\olenk\IDEA\IntelliJ IDEA 2023.1\bin -Dfile.encoding=UTF-8 -Dsun.stdout.encoding=UTF-8 -Dsun.stderr.encoding=UTF-8 com.spring.security.springsecuritydemo.SpringSecurityDemoApplication

Host: 11th Gen Intel(R) Core(TM) i3-1115G4 @ 3.00GHz, 4 cores, 7G,  Windows 10 , 64 bit Build 19041 (10.0.19041.2913)
Time: Fri May 26 12:50:09 2023 RTZ 2 (s 10 , 64 bit Build 19041 (10.0.19041.2913) elapsed time: 0.023797 seconds (0d 0h 0m 0s)

---------------  T H R E A D  ---------------

Current thread (0x000001ad83d93840):  JavaThread "Unknown thread" [_thread_in_vm, id=70896, stack(0x00000095a2300000,0x00000095a2400000)]

Stack: [0x00000095a2300000,0x00000095a2400000]
Native frames: (J=compiled Java code, j=interpreted, Vv=VM code, C=native code)
V  [jvm.dll+0x6ee8fa]
V  [jvm.dll+0x857a1e]
V  [jvm.dll+0x85940e]
V  [jvm.dll+0x859ac3]
V  [jvm.dll+0x28291f]
V  [jvm.dll+0x6eb6e9]
V  [jvm.dll+0x6e028a]
V  [jvm.dll+0x357136]
V  [jvm.dll+0x35eb96]
V  [jvm.dll+0x3b5588]
V  [jvm.dll+0x3b578f]
V  [jvm.dll+0x32c6ea]
V  [jvm.dll+0x32d59e]
V  [jvm.dll+0x821b20]
V  [jvm.dll+0x3c27c1]
V  [jvm.dll+0x8022f1]
V  [jvm.dll+0x44b30f]
V  [jvm.dll+0x44cc91]
C  [jli.dll+0x5287]
C  [ucrtbase.dll+0x21bb2]
C  [KERNEL32.DLL+0x17614]
C  [ntdll.dll+0x526a1]


---------------  P R O C E S S  ---------------

Threads class SMR info:
_java_thread_list=0x00007ffca6a7d048, length=0, elements={
}

Java Threads: ( => current thread )

Other Threads:
  0x000001ad83df3fd0 WorkerThread "GC Thread#0" [stack: 0x00000095a2400000,0x00000095a2500000] [id=66788]
  0x000001ad83e05810 ConcurrentGCThread "G1 Main Marker" [stack: 0x00000095a2500000,0x00000095a2600000] [id=72260]
  0x000001ad83e062f0 WorkerThread "G1 Conc#0" [stack: 0x00000095a2600000,0x00000095a2700000] [id=55292]

[error occurred during error reporting (printing all threads), id 0xc0000005, EXCEPTION_ACCESS_VIOLATION (0xc0000005) at pc=0x00007ffca623d127]

VM state: not at safepoint (not fully initialized)

VM Mutex/Monitor currently owned by a thread:  ([mutex/lock_event])
[0x000001ad83d936e0] Heap_lock - owner thread: 0x000001ad83d93840

Heap address: 0x0000000083200000, size: 1998 MB, Compressed Oops mode: 32-bit

CDS archive(s) mapped at: [0x0000000000000000-0x0000000000000000-0x0000000000000000), size 0, SharedBaseAddress: 0x0000000800000000, ArchiveRelocationMode: 0.
Narrow klass base: 0x0000000000000000, Narrow klass shift: 0, Narrow klass range: 0x0

GC Precious Log:
 CardTable entry size: 512
 Card Set container configuration: InlinePtr #cards 5 size 8 Array Of Cards #cards 12 size 40 Howl #buckets 4 coarsen threshold 1843 Howl Bitmap #cards 512 size 80 coarsen threshold 460 Card regions per heap region 1 cards per card region 2048

Heap:
 garbage-first heap   total 0K, used 0K [0x0000000083200000, 0x0000000100000000)
  region size 1024K, 0 young (0K), 0 survivors (0K)

[error occurred during error reporting (printing heap information), id 0xc0000005, EXCEPTION_ACCESS_VIOLATION (0xc0000005) at pc=0x00007ffca6646959]

GC Heap History (0 events):
No events

Dll operation events (1 events):
Event: 0.013 Loaded shared library C:\Program Files\Java\jdk-19\bin\java.dll

Deoptimization events (0 events):
No events

Classes loaded (0 events):
No events

Classes unloaded (0 events):
No events

Classes redefined (0 events):
No events

Internal exceptions (0 events):
No events

VM Operations (0 events):
No events

Events (0 events):
No events


Dynamic libraries:
0x00007ff6f6580000 - 0x00007ff6f6590000 	C:\Program Files\Java\jdk-19\bin\java.exe
0x00007ffd023b0000 - 0x00007ffd025a8000 	C:\Windows\SYSTEM32\ntdll.dll
0x00007ffd01740000 - 0x00007ffd017ff000 	C:\Windows\System32\KERNEL32.DLL
0x00007ffcffbb0000 - 0x00007ffcffea6000 	C:\Windows\System32\KERNELBASE.dll
0x00007ffcfffe0000 - 0x00007ffd000e0000 	C:\Windows\System32\ucrtbase.dll
0x00007ffcf9f40000 - 0x00007ffcf9f5b000 	C:\Program Files\Java\jdk-19\bin\VCRUNTIME140.dll
0x00007ffcfa7c0000 - 0x00007ffcfa7d8000 	C:\Program Files\Java\jdk-19\bin\jli.dll
0x00007ffd00d80000 - 0x00007ffd00e2f000 	C:\Windows\System32\ADVAPI32.dll
0x00007ffd01900000 - 0x00007ffd0199e000 	C:\Windows\System32\msvcrt.dll
0x00007ffd01b80000 - 0x00007ffd01c1c000 	C:\Windows\System32\sechost.dll
0x00007ffd01a50000 - 0x00007ffd01b76000 	C:\Windows\System32\RPCRT4.dll
0x00007ffd00710000 - 0x00007ffd008ad000 	C:\Windows\System32\USER32.dll
0x00007ffd003e0000 - 0x00007ffd00402000 	C:\Windows\System32\win32u.dll
0x00007ffcfe710000 - 0x00007ffcfe9aa000 	C:\Windows\WinSxS\amd64_microsoft.windows.common-controls_6595b64144ccf1df_6.0.19041.1110_none_60b5254171f9507e\COMCTL32.dll
0x00007ffd01370000 - 0x00007ffd0139c000 	C:\Windows\System32\GDI32.dll
0x00007ffcffa90000 - 0x00007ffcffba5000 	C:\Windows\System32\gdi32full.dll
0x00007ffd00240000 - 0x00007ffd002dd000 	C:\Windows\System32\msvcp_win.dll
0x00007ffcff640000 - 0x00007ffcff64a000 	C:\Windows\SYSTEM32\VERSION.dll
0x00007ffd018d0000 - 0x00007ffd01900000 	C:\Windows\System32\IMM32.DLL
0x0000000071a80000 - 0x0000000071a8c000 	C:\Program Files (x86)\360\Total Security\safemon\SafeWrapper.dll
0x00007ffcdd360000 - 0x00007ffcdd3f2000 	C:\Program Files (x86)\360\Total Security\safemon\libzdtp64.dll
0x00007ffd01c20000 - 0x00007ffd02364000 	C:\Windows\System32\SHELL32.dll
0x00007ffd00d20000 - 0x00007ffd00d75000 	C:\Windows\System32\SHLWAPI.dll
0x00007ffcfab00000 - 0x00007ffcfab0c000 	C:\Program Files\Java\jdk-19\bin\vcruntime140_1.dll
0x00007ffced040000 - 0x00007ffced0ce000 	C:\Program Files\Java\jdk-19\bin\msvcp140.dll
0x00007ffca5f00000 - 0x00007ffca6bc0000 	C:\Program Files\Java\jdk-19\bin\server\jvm.dll
0x00007ffcfac90000 - 0x00007ffcfac99000 	C:\Windows\SYSTEM32\WSOCK32.dll
0x00007ffcfdf40000 - 0x00007ffcfdf67000 	C:\Windows\SYSTEM32\WINMM.dll
0x00007ffd01560000 - 0x00007ffd015cb000 	C:\Windows\System32\WS2_32.dll
0x00007ffcfd7c0000 - 0x00007ffcfd7d2000 	C:\Windows\SYSTEM32\kernel.appcore.dll
0x00007ffcfa950000 - 0x00007ffcfa95a000 	C:\Program Files\Java\jdk-19\bin\jimage.dll
0x00007ffcfd310000 - 0x00007ffcfd4f4000 	C:\Windows\SYSTEM32\DBGHELP.DLL
0x00007ffcf8460000 - 0x00007ffcf8494000 	C:\Windows\SYSTEM32\dbgcore.DLL
0x00007ffcffee0000 - 0x00007ffcfff62000 	C:\Windows\System32\bcryptPrimitives.dll
0x00007ffcf8970000 - 0x00007ffcf897e000 	C:\Program Files\Java\jdk-19\bin\instrument.dll
0x00007ffcf8980000 - 0x00007ffcf89a6000 	C:\Program Files\Java\jdk-19\bin\java.dll

dbghelp: loaded successfully - version: 4.0.5 - missing functions: none
symbol engine: initialized successfully - sym options: 0x614 - pdb path: .;C:\Program Files\Java\jdk-19\bin;C:\Windows\SYSTEM32;C:\Windows\WinSxS\amd64_microsoft.windows.common-controls_6595b64144ccf1df_6.0.19041.1110_none_60b5254171f9507e;C:\Program Files (x86)\360\Total Security\safemon;C:\Program Files\Java\jdk-19\bin\server

VM Arguments:
jvm_args: -XX:TieredStopAtLevel=1 -Dspring.output.ansi.enabled=always -Dcom.sun.management.jmxremote -Dspring.jmx.enabled=true -Dspring.liveBeansView.mbeanDomain -Dspring.application.admin.enabled=true -Dmanagement.endpoints.jmx.exposure.include=* -javaagent:C:\Users\olenk\IDEA\IntelliJ IDEA 2023.1\lib\idea_rt.jar=60985:C:\Users\olenk\IDEA\IntelliJ IDEA 2023.1\bin -Dfile.encoding=UTF-8 -Dsun.stdout.encoding=UTF-8 -Dsun.stderr.encoding=UTF-8 
java_command: com.spring.security.springsecuritydemo.SpringSecurityDemoApplication
java_class_path (initial): D:\ןנמדנאלל\springsecuritydemo\target\classes;C:\Users\olenk\.m2\repository\org\springframework\boot\spring-boot-starter-thymeleaf\2.7.12\spring-boot-starter-thymeleaf-2.7.12.jar;C:\Users\olenk\.m2\repository\org\springframework\boot\spring-boot-starter\2.7.12\spring-boot-starter-2.7.12.jar;C:\Users\olenk\.m2\repository\org\springframework\boot\spring-boot\2.7.12\spring-boot-2.7.12.jar;C:\Users\olenk\.m2\repository\org\springframework\boot\spring-boot-autoconfigure\2.7.12\spring-boot-autoconfigure-2.7.12.jar;C:\Users\olenk\.m2\repository\org\springframework\boot\spring-boot-starter-logging\2.7.12\spring-boot-starter-logging-2.7.12.jar;C:\Users\olenk\.m2\repository\ch\qos\logback\logback-classic\1.2.12\logback-classic-1.2.12.jar;C:\Users\olenk\.m2\repository\ch\qos\logback\logback-core\1.2.12\logback-core-1.2.12.jar;C:\Users\olenk\.m2\repository\org\apache\logging\log4j\log4j-to-slf4j\2.17.2\log4j-to-slf4j-2.17.2.jar;C:\Users\olenk\.m2\repository\org\apache\logging\log4j\log4j-api\2.17.2\log4j-api-2.17.2.jar;C:\Users\olenk\.m2\repository\org\slf4j\jul-to-slf4j\1.7.36\jul-to-slf4j-1.7.36.jar;C:\Users\olenk\.m2\repository\jakarta\annotation\jakarta.annotation-api\1.3.5\jakarta.annotation-api-1.3.5.jar;C:\Users\olenk\.m2\repository\org\yaml\snakeyaml\1.30\snakeyaml-1.30.jar;C:\Users\olenk\.m2\repository\org\thymeleaf\thymeleaf-spring5\3.0.15.RELEASE\thymeleaf-spring5-3.0.15.RELEASE.jar;C:\Users\olenk\.m2\repository\org\thymeleaf\thymeleaf\3.0.15.RELEASE\thymeleaf-3.0.15.RELEASE.jar;C:\Users\olenk\.m2\repository\org\attoparser\attoparser\2.0.5.RELEASE\attoparser-2.0.5.RELEASE.jar;C:\Users\olenk\.m2\repository\org\unbescape\unbescape\1.1.6.RELEASE\unbescape-1.1.6.RELEASE.jar;C:\Users\olenk\.m2\repository\org\slf4j\slf4j-api\1.7.36\slf4j-api-1.7.36.jar;C:\Users\olenk\.m2\repository\org\thymeleaf\extras\thymeleaf-extras-java8time\3.0.4.RELEASE\thymeleaf-extras-java8time-3.0.4.RELEASE.jar;C:\Users\olenk\.m2\repository\org\springframework\boot\spring-boot-starter-web\2.7.12\spring-boot-starter-web-2.7.12.jar;C:\Users\olenk\.m2\repository\org\springframework\boot\spring-boot-starter-json\2.7.12\spring-boot-starter-json-2.7.12.jar;C:\Users\olenk\.m2\repository\com\fasterxml\jackson\core\jackson-databind\2.13.5\jackson-databind-2.13.5.jar;C:\Users\olenk\.m2\repository\com\fasterxml\jackson\core\jackson-annotations\2.13.5\jackson-annotations-2.13.5.jar;C:\Users\olenk\.m2\repository\com\fasterxml\jackson\core\jackson-core\2.13.5\jackson-core-2.13.5.jar;C:\Users\olenk\.m2\repository\com\fasterxml\jackson\datatype\jackson-datatype-jdk8\2.13.5\jackson-datatype-jdk8-2.13.5.jar;C:\Users\olenk\.m2\repository\com\fasterxml\jackson\datatype\jackson-datatype-jsr310\2.13.5\jackson-datatype-jsr310-2.13.5.jar;C:\Users\olenk\.m2\repository\com\fasterxml\jackson\module\jackson-module-parameter-names\2.13.5\jackson-module-parameter-names-2.13.5.jar;C:\Users\olenk\.m2\repository\org\springframework\boot\spring-boot-starter-tomcat\2.7.12\spring-boot-starter-tomcat-2.7.12.jar;C:\Users\olenk\.m2\repository\org\apache\tomcat\embed\tomcat-embed-core\9.0.75\tomcat-embed-core-9.0.75.jar;C:\Users\olenk\.m2\repository\org\apache\tomcat\embed\tomcat-embed-el\9.0.75\tomcat-embed-el-9.0.75.jar;C:\Users\olenk\.m2\repository\org\apache\tomcat\embed\tomcat-embed-websocket\9.0.75\tomcat-embed-websocket-9.0.75.jar;C:\Users\olenk\.m2\repository\org\springframework\spring-web\5.3.27\spring-web-5.3.27.jar;C:\Users\olenk\.m2\repository\org\springframework\spring-beans\5.3.27\spring-beans-5.3.27.jar;C:\Users\olenk\.m2\repository\org\springframework\spring-webmvc\5.3.27\spring-webmvc-5.3.27.jar;C:\Users\olenk\.m2\repository\org\springframework\spring-aop\5.3.27\spring-aop-5.3.27.jar;C:\Users\olenk\.m2\repository\org\springframework\spring-context\5.3.27\spring-context-5.3.27.jar;C:\Users\olenk\.m2\repository\org\springframework\spring-expression\5.3.27\spring-expression-5.3.27.jar;C:\Users\olenk\.m2\repository\org\projectlombok\lombok\1.18.26\lombok-1.18.26.jar;C:\Users\olenk\.m2\repository\org\springframework\spring-core\5.3.27\spring-core-5.3.27.jar;C:\Users\olenk\.m2\repository\org\springframework\spring-jcl\5.3.27\spring-jcl-5.3.27.jar
Launcher Type: SUN_STANDARD

[Global flags]
     intx CICompilerCount                          = 3                                         {product} {ergonomic}
     uint ConcGCThreads                            = 1                                         {product} {ergonomic}
     uint G1ConcRefinementThreads                  = 4                                         {product} {ergonomic}
   size_t G1HeapRegionSize                         = 1048576                                   {product} {ergonomic}
    uintx GCDrainStackTargetSize                   = 64                                        {product} {ergonomic}
   size_t InitialHeapSize                          = 132120576                                 {product} {ergonomic}
     bool ManagementServer                         = true                                      {product} {command line}
   size_t MarkStackSize                            = 4194304                                   {product} {ergonomic}
   size_t MaxHeapSize                              = 2095054848                                {product} {ergonomic}
   size_t MinHeapDeltaBytes                        = 1048576                                   {product} {ergonomic}
   size_t MinHeapSize                              = 8388608                                   {product} {ergonomic}
    uintx NonProfiledCodeHeapSize                  = 0                                      {pd product} {ergonomic}
     bool ProfileInterpreter                       = false                                  {pd product} {command line}
    uintx ProfiledCodeHeapSize                     = 0                                      {pd product} {ergonomic}
   size_t SoftMaxHeapSize                          = 2095054848                             {manageable} {ergonomic}
     intx TieredStopAtLevel                        = 1                                         {product} {command line}
     bool UseCompressedClassPointers               = true                           {product lp64_product} {ergonomic}
     bool UseCompressedOops                        = true                           {product lp64_product} {ergonomic}
     bool UseG1GC                                  = true                                      {product} {ergonomic}
     bool UseLargePagesIndividualAllocation        = false                                  {pd product} {ergonomic}

Logging:
Log output configuration:
 #0: stdout all=warning uptime,level,tags foldmultilines=false
 #1: stderr all=off uptime,level,tags foldmultilines=false

Environment Variables:
PATH=C:\Program Files\Common Files\Oracle\Java\javapath;C:\Windows\system32;C:\Windows;C:\Windows\System32\Wbem;C:\Windows\System32\WindowsPowerShell\v1.0\;C:\Windows\System32\OpenSSH\;C:\Program Files\Git\cmd;C:\Program Files\MySQL\MySQL Shell 8.0\bin\;C:\Users\olenk\AppData\Local\Microsoft\WindowsApps;
USERNAME=olenk
OS=Windows_NT
PROCESSOR_IDENTIFIER=Intel64 Family 6 Model 140 Stepping 1, GenuineIntel
TMP=C:\Users\olenk\AppData\Local\Temp
TEMP=C:\Users\olenk\AppData\Local\Temp



---------------  S Y S T E M  ---------------

OS:
 Windows 10 , 64 bit Build 19041 (10.0.19041.2913)
OS uptime: 9 days 13:41 hours

CPU: total 4 (initial active 4) (2 cores per cpu, 2 threads per core) family 6 model 140 stepping 1 microcode 0x8a, cx8, cmov, fxsr, ht, mmx, 3dnowpref, sse, sse2, sse3, ssse3, sse4.1, sse4.2, popcnt, lzcnt, tsc, tscinvbit, avx, avx2, aes, erms, clmul, bmi1, bmi2, adx, avx512f, avx512dq, avx512cd, avx512bw, avx512vl, sha, fma, vzeroupper, avx512_vpopcntdq, avx512_vpclmulqdq, avx512_vaes, avx512_vnni, clflush, clflushopt, clwb, avx512_vbmi2, avx512_vbmi, rdtscp, rdpid, fsrm, gfni, avx512_bitalg

Memory: 4k page, system-wide physical 7991M (499M free)
TotalPageFile size 25923M (AvailPageFile size 6M)
current process WorkingSet (physical memory assigned to process): 11M, peak: 11M
current process commit charge ("private bytes"): 175M, peak: 177M

vm_info: Java HotSpot(TM) 64-Bit Server VM (19.0.1+10-21) for windows-amd64 JRE (19.0.1+10-21), built on 2022-09-14T12:45:06Z by "mach5one" with MS VC++ 17.1 (VS2022)

END.
